# JRE version: OpenJDK Runtime Environment Homebrew (11.0.26) (build 11.0.26+0)
# Java VM: OpenJDK 64-Bit Server VM Homebrew (11.0.26+0, mixed mode, tiered, compressed oops, g1 gc, bsd-amd64)
Heap:
 garbage-first heap   total 315392K, used 121764K [0x0000000700000000, 0x0000000800000000)
  region size 1024K, 90 young (92160K), 11 survivors (11264K)
 Metaspace       used 73401K, capacity 76178K, committed 76492K, reserved 1114112K
  class space    used 9801K, capacity 10870K, committed 10956K, reserved 1048576K
GC Heap History (18 events):
Event: 1.079 GC heap before
{Heap before GC invocations=0 (full 0):
 garbage-first heap   total 262144K, used 27648K [0x0000000700000000, 0x0000000800000000)
  region size 1024K, 24 young (24576K), 0 survivors (0K)
 Metaspace       used 9964K, capacity 10156K, committed 10368K, reserved 1058816K
  class space    used 988K, capacity 1051K, committed 1152K, reserved 1048576K
}
Event: 1.085 GC heap after
{Heap after GC invocations=1 (full 0):
 garbage-first heap   total 262144K, used 10665K [0x0000000700000000, 0x0000000800000000)
  region size 1024K, 3 young (3072K), 3 survivors (3072K)
 Metaspace       used 9964K, capacity 10156K, committed 10368K, reserved 1058816K
  class space    used 988K, capacity 1051K, committed 1152K, reserved 1048576K
}
Event: 3.133 GC heap before
{Heap before GC invocations=1 (full 0):
 garbage-first heap   total 262144K, used 93609K [0x0000000700000000, 0x0000000800000000)
  region size 1024K, 85 young (87040K), 3 survivors (3072K)
 Metaspace       used 20741K, capacity 21113K, committed 21248K, reserved 1069056K
  class space    used 2410K, capacity 2547K, committed 2560K, reserved 1048576K
}
Event: 3.159 GC heap after
{Heap after GC invocations=2 (full 0):
 garbage-first heap   total 262144K, used 18022K [0x0000000700000000, 0x0000000800000000)
  region size 1024K, 11 young (11264K), 11 survivors (11264K)
 Metaspace       used 20741K, capacity 21113K, committed 21248K, reserved 1069056K
  class space    used 2410K, capacity 2547K, committed 2560K, reserved 1048576K
}
Event: 3.712 GC heap before
{Heap before GC invocations=3 (full 0):
 garbage-first heap   total 262144K, used 53862K [0x0000000700000000, 0x0000000800000000)
  region size 1024K, 47 young (48128K), 11 survivors (11264K)
 Metaspace       used 23605K, capacity 24220K, committed 24448K, reserved 1071104K
  class space    used 2880K, capacity 3115K, committed 3200K, reserved 1048576K
}
Event: 3.722 GC heap after
{Heap after GC invocations=4 (full 0):
 garbage-first heap   total 262144K, used 19193K [0x0000000700000000, 0x0000000800000000)
  region size 1024K, 2 young (2048K), 2 survivors (2048K)
 Metaspace       used 23605K, capacity 24220K, committed 24448K, reserved 1071104K
  class space    used 2880K, capacity 3115K, committed 3200K, reserved 1048576K
}
Event: 4.906 GC heap before
{Heap before GC invocations=4 (full 0):
 garbage-first heap   total 262144K, used 118521K [0x0000000700000000, 0x0000000800000000)
  region size 1024K, 100 young (102400K), 2 survivors (2048K)
 Metaspace       used 32286K, capacity 33195K, committed 33280K, reserved 1077248K
  class space    used 4196K, capacity 4538K, committed 4608K, reserved 1048576K
}
Event: 4.914 GC heap after
{Heap after GC invocations=5 (full 0):
 garbage-first heap   total 262144K, used 23944K [0x0000000700000000, 0x0000000800000000)
  region size 1024K, 6 young (6144K), 6 survivors (6144K)
 Metaspace       used 32286K, capacity 33195K, committed 33280K, reserved 1077248K
  class space    used 4196K, capacity 4538K, committed 4608K, reserved 1048576K
}
Event: 5.202 GC heap before
{Heap before GC invocations=5 (full 0):
 garbage-first heap   total 262144K, used 49544K [0x0000000700000000, 0x0000000800000000)
  region size 1024K, 32 young (32768K), 6 survivors (6144K)
 Metaspace       used 34360K, capacity 35300K, committed 35584K, reserved 1079296K
  class space    used 4494K, capacity 4835K, committed 4864K, reserved 1048576K
}
Event: 5.209 GC heap after
{Heap after GC invocations=6 (full 0):
 garbage-first heap   total 262144K, used 24705K [0x0000000700000000, 0x0000000800000000)
  region size 1024K, 7 young (7168K), 7 survivors (7168K)
 Metaspace       used 34360K, capacity 35300K, committed 35584K, reserved 1079296K
  class space    used 4494K, capacity 4835K, committed 4864K, reserved 1048576K
}
Event: 7.265 GC heap before
{Heap before GC invocations=7 (full 0):
 garbage-first heap   total 262144K, used 136321K [0x0000000700000000, 0x0000000800000000)
  region size 1024K, 112 young (114688K), 7 survivors (7168K)
 Metaspace       used 44960K, capacity 46361K, committed 46464K, reserved 1089536K
  class space    used 5682K, capacity 6193K, committed 6272K, reserved 1048576K
}
Event: 7.289 GC heap after
{Heap after GC invocations=8 (full 0):
 garbage-first heap   total 262144K, used 32618K [0x0000000700000000, 0x0000000800000000)
  region size 1024K, 14 young (14336K), 14 survivors (14336K)
 Metaspace       used 44960K, capacity 46361K, committed 46464K, reserved 1089536K
  class space    used 5682K, capacity 6193K, committed 6272K, reserved 1048576K
}
Event: 8.872 GC heap before
{Heap before GC invocations=8 (full 0):
 garbage-first heap   total 262144K, used 147306K [0x0000000700000000, 0x0000000800000000)
  region size 1024K, 125 young (128000K), 14 survivors (14336K)
 Metaspace       used 52445K, capacity 54139K, committed 54272K, reserved 1095680K
  class space    used 6769K, capacity 7408K, committed 7424K, reserved 1048576K
}
Event: 8.892 GC heap after
{Heap after GC invocations=9 (full 0):
 garbage-first heap   total 315392K, used 37176K [0x0000000700000000, 0x0000000800000000)
  region size 1024K, 13 young (13312K), 13 survivors (13312K)
 Metaspace       used 52445K, capacity 54139K, committed 54272K, reserved 1095680K
  class space    used 6769K, capacity 7408K, committed 7424K, reserved 1048576K
}
Event: 10.384 GC heap before
{Heap before GC invocations=9 (full 0):
 garbage-first heap   total 315392K, used 108856K [0x0000000700000000, 0x0000000800000000)
  region size 1024K, 84 young (86016K), 13 survivors (13312K)
 Metaspace       used 57523K, capacity 59479K, committed 59520K, reserved 1099776K
  class space    used 7561K, capacity 8293K, committed 8320K, reserved 1048576K
}
Event: 10.409 GC heap after
{Heap after GC invocations=10 (full 0):
 garbage-first heap   total 315392K, used 39482K [0x0000000700000000, 0x0000000800000000)
  region size 1024K, 7 young (7168K), 7 survivors (7168K)
 Metaspace       used 57523K, capacity 59479K, committed 59520K, reserved 1099776K
  class space    used 7561K, capacity 8293K, committed 8320K, reserved 1048576K
}
Event: 12.401 GC heap before
{Heap before GC invocations=11 (full 0):
 garbage-first heap   total 315392K, used 176698K [0x0000000700000000, 0x0000000800000000)
  region size 1024K, 142 young (145408K), 7 survivors (7168K)
 Metaspace       used 66727K, capacity 69225K, committed 69580K, reserved 1110016K
  class space    used 8868K, capacity 9820K, committed 9932K, reserved 1048576K
}
Event: 12.414 GC heap after
{Heap after GC invocations=12 (full 0):
 garbage-first heap   total 315392K, used 42916K [0x0000000700000000, 0x0000000800000000)
  region size 1024K, 11 young (11264K), 11 survivors (11264K)
 Metaspace       used 66727K, capacity 69225K, committed 69580K, reserved 1110016K
  class space    used 8868K, capacity 9820K, committed 9932K, reserved 1048576K
}

